<?xml version="1.0" encoding="UTF-8"?>
<!-- Generated by org.testng.reporters.JUnitReportReporter -->
<testsuite hostname="DESKTOP-4CN1S37" name="hrm.runner.HrmRunner$hrmRunner" tests="1" failures="0" timestamp="30 Jun 2019 22:58:22 GMT" time="8.830" errors="0">
  <testcase name="feature" time="8.830" classname="hrm.runner.HrmRunner$hrmRunner"/>
</testsuite> <!-- hrm.runner.HrmRunner$hrmRunner -->
